time="2020-12-07T18:13:37+08:00" level=info msg="NewWuyaService BlockChain datadir is [node1\\db\\blockchain]"
time="2020-12-07T18:13:37+08:00" level=info msg="NewSeeleService account state datadir is [node1\\db\\accountState]"
time="2020-12-07T18:13:37+08:00" level=info msg="Initating cached txs within recent [24000] blocks"
time="2020-12-07T18:13:37+08:00" level=warning msg="[CachedTxs] Cached 0 txs, 0 existed Txs found"
time="2020-12-07T18:13:37+08:00" level=debug msg="starting mining the new block"
time="2020-12-07T18:13:37+08:00" level=debug msg="memory info collection, task applyTransactionsAndDebts entrance, alloc 0.0084GB, sys 0.0168GB"
time="2020-12-07T18:13:37+08:00" level=info msg="+++++++++mining block height:[1 600000000 1], reward:%!s(MISSING), transaction number:%!d(MISSING)"
time="2020-12-07T18:13:37+08:00" level=debug msg="memory info collection, task applyTransactionsAndDebts exit, alloc 0.0084GB, sys 0.0168GB, time elapse 0.00s"
time="2020-12-07T18:13:37+08:00" level=info msg="committing a new task to engine, height:[1 5200000], difficult:%!d(MISSING)"
time="2020-12-07T18:13:37+08:00" level=info msg="Miner started%!(EXTRA []interface {}=[])"
time="2020-12-07T18:13:37+08:00" level=debug msg=" 1 Threads, Buffer[130000] "
time="2020-12-07T18:13:38+08:00" level=info msg="Solution found, nonceA: [1306954712819300648 4145837875352529076 11043], nonceB: %!d(MISSING), Map Size %!d(MISSING) "
time="2020-12-07T18:13:38+08:00" level=info msg="solution time: [1] (s)"
time="2020-12-07T18:13:38+08:00" level=info msg="nonce finding succeeded%!(EXTRA []interface {}=[])"
time="2020-12-07T18:13:38+08:00" level=info msg="found a new mined block, block height:[1 %!d(string=0xfc1e1d75da29c5fac9a43bcba545792c1385638e0379e2cc77f3389c6b7c87bd) 1607336018348973500], hash:%!s(MISSING), time: %!d(MISSING)"
time="2020-12-07T18:13:38+08:00" level=debug msg="memory info collection, miner saveBlock entrance, alloc 0.0327GB, sys 0.0461GB"
time="2020-12-07T18:13:38+08:00" level=debug msg="memory info collection, miner saveBlock exit, alloc 0.0327GB, sys 0.0461GB, time elapse 0.01s"
time="2020-12-07T18:13:38+08:00" level=error msg="failed to save the block, for %s[failed to apply block txs ===> failed to apply reward and regular txs ===> failed to validate reward tx ===> to address is empty]"
time="2020-12-07T18:13:38+08:00" level=debug msg="starting mining the new block"
time="2020-12-07T18:13:38+08:00" level=debug msg="memory info collection, task applyTransactionsAndDebts entrance, alloc 0.0328GB, sys 0.0461GB"
time="2020-12-07T18:13:38+08:00" level=info msg="+++++++++mining block height:[1 600000000 1], reward:%!s(MISSING), transaction number:%!d(MISSING)"
time="2020-12-07T18:13:38+08:00" level=debug msg="memory info collection, task applyTransactionsAndDebts exit, alloc 0.0328GB, sys 0.0461GB, time elapse 0.00s"
time="2020-12-07T18:13:38+08:00" level=info msg="committing a new task to engine, height:[1 5200000], difficult:%!d(MISSING)"
time="2020-12-07T18:13:38+08:00" level=info msg="Miner started%!(EXTRA []interface {}=[])"
time="2020-12-07T18:13:38+08:00" level=debug msg=" 1 Threads, Buffer[130000] "
time="2020-12-07T18:13:38+08:00" level=info msg="Solution found, nonceA: [1274528597375720079 2809011545157332649 12419], nonceB: %!d(MISSING), Map Size %!d(MISSING) "
time="2020-12-07T18:13:38+08:00" level=info msg="solution time: [0] (s)"
time="2020-12-07T18:13:38+08:00" level=info msg="nonce finding succeeded%!(EXTRA []interface {}=[])"
time="2020-12-07T18:13:38+08:00" level=info msg="found a new mined block, block height:[1 %!d(string=0x8ad620955bc4a65611c9dd49cdd264f84a8833960a8a259c360defbeb016b061) 1607336018852998300], hash:%!s(MISSING), time: %!d(MISSING)"
time="2020-12-07T18:13:38+08:00" level=debug msg="memory info collection, miner saveBlock entrance, alloc 0.0253GB, sys 0.0542GB"
time="2020-12-07T18:13:38+08:00" level=debug msg="memory info collection, miner saveBlock exit, alloc 0.0253GB, sys 0.0542GB, time elapse 0.01s"
time="2020-12-07T18:13:38+08:00" level=error msg="failed to save the block, for %s[failed to apply block txs ===> failed to apply reward and regular txs ===> failed to validate reward tx ===> to address is empty]"
time="2020-12-07T18:13:38+08:00" level=debug msg="starting mining the new block"
time="2020-12-07T18:13:38+08:00" level=debug msg="memory info collection, task applyTransactionsAndDebts entrance, alloc 0.0253GB, sys 0.0542GB"
time="2020-12-07T18:13:38+08:00" level=info msg="+++++++++mining block height:[1 600000000 1], reward:%!s(MISSING), transaction number:%!d(MISSING)"
time="2020-12-07T18:13:38+08:00" level=debug msg="memory info collection, task applyTransactionsAndDebts exit, alloc 0.0254GB, sys 0.0542GB, time elapse 0.00s"
time="2020-12-07T18:13:38+08:00" level=info msg="committing a new task to engine, height:[1 5200000], difficult:%!d(MISSING)"
time="2020-12-07T18:13:38+08:00" level=info msg="Miner started%!(EXTRA []interface {}=[])"
time="2020-12-07T18:13:38+08:00" level=debug msg=" 1 Threads, Buffer[130000] "
time="2020-12-07T18:13:39+08:00" level=info msg="Solution found, nonceA: [4271357561427542834 2709210167233088955 12202], nonceB: %!d(MISSING), Map Size %!d(MISSING) "
time="2020-12-07T18:13:39+08:00" level=info msg="solution time: [1] (s)"
time="2020-12-07T18:13:39+08:00" level=info msg="nonce finding succeeded%!(EXTRA []interface {}=[])"
time="2020-12-07T18:13:39+08:00" level=info msg="found a new mined block, block height:[1 %!d(string=0xc44d524c63f8fe5aad784694f822e0a3f459ffcf2f8b4dcc3e2773f5f928f0c5) 1607336019342011700], hash:%!s(MISSING), time: %!d(MISSING)"
time="2020-12-07T18:13:39+08:00" level=debug msg="memory info collection, miner saveBlock entrance, alloc 0.0328GB, sys 0.0623GB"
time="2020-12-07T18:13:39+08:00" level=debug msg="memory info collection, miner saveBlock exit, alloc 0.0328GB, sys 0.0623GB, time elapse 0.01s"
time="2020-12-07T18:13:39+08:00" level=error msg="failed to save the block, for %s[failed to apply block txs ===> failed to apply reward and regular txs ===> failed to validate reward tx ===> to address is empty]"
time="2020-12-07T18:13:39+08:00" level=debug msg="starting mining the new block"
time="2020-12-07T18:13:39+08:00" level=debug msg="memory info collection, task applyTransactionsAndDebts entrance, alloc 0.0328GB, sys 0.0623GB"
time="2020-12-07T18:13:39+08:00" level=info msg="+++++++++mining block height:[1 600000000 1], reward:%!s(MISSING), transaction number:%!d(MISSING)"
time="2020-12-07T18:13:39+08:00" level=debug msg="memory info collection, task applyTransactionsAndDebts exit, alloc 0.0328GB, sys 0.0623GB, time elapse 0.00s"
time="2020-12-07T18:13:39+08:00" level=info msg="committing a new task to engine, height:[1 5200000], difficult:%!d(MISSING)"
time="2020-12-07T18:13:39+08:00" level=info msg="Miner started%!(EXTRA []interface {}=[])"
time="2020-12-07T18:13:39+08:00" level=debug msg=" 1 Threads, Buffer[130000] "
time="2020-12-07T18:13:39+08:00" level=info msg="Solution found, nonceA: [1433559533118693015 6202951611450177498 11825], nonceB: %!d(MISSING), Map Size %!d(MISSING) "
time="2020-12-07T18:13:39+08:00" level=info msg="solution time: [0] (s)"
time="2020-12-07T18:13:39+08:00" level=info msg="nonce finding succeeded%!(EXTRA []interface {}=[])"
time="2020-12-07T18:13:39+08:00" level=info msg="found a new mined block, block height:[1 %!d(string=0xec4dc363e0cbc99a2ebfa3f7aa25b0a065ee438b24356e64a720398688418de1) 1607336019839476700], hash:%!s(MISSING), time: %!d(MISSING)"
time="2020-12-07T18:13:39+08:00" level=debug msg="memory info collection, miner saveBlock entrance, alloc 0.0251GB, sys 0.0623GB"
time="2020-12-07T18:13:39+08:00" level=debug msg="memory info collection, miner saveBlock exit, alloc 0.0251GB, sys 0.0623GB, time elapse 0.01s"
time="2020-12-07T18:13:39+08:00" level=error msg="failed to save the block, for %s[failed to apply block txs ===> failed to apply reward and regular txs ===> failed to validate reward tx ===> to address is empty]"
time="2020-12-07T18:13:39+08:00" level=debug msg="starting mining the new block"
time="2020-12-07T18:13:39+08:00" level=debug msg="memory info collection, task applyTransactionsAndDebts entrance, alloc 0.0251GB, sys 0.0623GB"
time="2020-12-07T18:13:39+08:00" level=info msg="+++++++++mining block height:[1 600000000 1], reward:%!s(MISSING), transaction number:%!d(MISSING)"
time="2020-12-07T18:13:39+08:00" level=debug msg="memory info collection, task applyTransactionsAndDebts exit, alloc 0.0251GB, sys 0.0623GB, time elapse 0.00s"
time="2020-12-07T18:13:39+08:00" level=info msg="committing a new task to engine, height:[1 5200000], difficult:%!d(MISSING)"
time="2020-12-07T18:13:39+08:00" level=info msg="Miner started%!(EXTRA []interface {}=[])"
time="2020-12-07T18:13:39+08:00" level=debug msg=" 1 Threads, Buffer[130000] "
time="2020-12-07T18:13:40+08:00" level=info msg="Solution found, nonceA: [650244197278623286 7932942086314608484 7177], nonceB: %!d(MISSING), Map Size %!d(MISSING) "
time="2020-12-07T18:13:40+08:00" level=info msg="solution time: [1] (s)"
time="2020-12-07T18:13:40+08:00" level=info msg="nonce finding succeeded%!(EXTRA []interface {}=[])"
time="2020-12-07T18:13:40+08:00" level=info msg="found a new mined block, block height:[1 %!d(string=0x8e8605c8725db321b7701a66439c9a9973f92c871b9ada9cba7275cc8f988735) 1607336020352312900], hash:%!s(MISSING), time: %!d(MISSING)"
time="2020-12-07T18:13:40+08:00" level=debug msg="memory info collection, miner saveBlock entrance, alloc 0.0324GB, sys 0.0703GB"
time="2020-12-07T18:13:40+08:00" level=debug msg="memory info collection, miner saveBlock exit, alloc 0.0324GB, sys 0.0703GB, time elapse 0.01s"
time="2020-12-07T18:13:40+08:00" level=error msg="failed to save the block, for %s[failed to apply block txs ===> failed to apply reward and regular txs ===> failed to validate reward tx ===> to address is empty]"
time="2020-12-07T18:13:40+08:00" level=debug msg="starting mining the new block"
time="2020-12-07T18:13:40+08:00" level=debug msg="memory info collection, task applyTransactionsAndDebts entrance, alloc 0.0324GB, sys 0.0703GB"
time="2020-12-07T18:13:40+08:00" level=info msg="+++++++++mining block height:[1 600000000 1], reward:%!s(MISSING), transaction number:%!d(MISSING)"
time="2020-12-07T18:13:40+08:00" level=debug msg="memory info collection, task applyTransactionsAndDebts exit, alloc 0.0324GB, sys 0.0703GB, time elapse 0.00s"
time="2020-12-07T18:13:40+08:00" level=info msg="committing a new task to engine, height:[1 5200000], difficult:%!d(MISSING)"
time="2020-12-07T18:13:40+08:00" level=info msg="Miner started%!(EXTRA []interface {}=[])"
time="2020-12-07T18:13:40+08:00" level=debug msg=" 1 Threads, Buffer[130000] "
time="2020-12-07T18:13:40+08:00" level=info msg="Solution found, nonceA: [225675235613289304 2098393160382661890 13126], nonceB: %!d(MISSING), Map Size %!d(MISSING) "
time="2020-12-07T18:13:40+08:00" level=info msg="solution time: [0] (s)"
time="2020-12-07T18:13:40+08:00" level=info msg="nonce finding succeeded%!(EXTRA []interface {}=[])"
time="2020-12-07T18:13:40+08:00" level=info msg="found a new mined block, block height:[1 %!d(string=0x02fad7f117a087747eaaac8e6aead05b9c6c4c1a8443229d0901bcc793643cf4) 1607336020810368800], hash:%!s(MISSING), time: %!d(MISSING)"
time="2020-12-07T18:13:40+08:00" level=debug msg="memory info collection, miner saveBlock entrance, alloc 0.0251GB, sys 0.0703GB"
time="2020-12-07T18:13:40+08:00" level=debug msg="memory info collection, miner saveBlock exit, alloc 0.0251GB, sys 0.0703GB, time elapse 0.01s"
time="2020-12-07T18:13:40+08:00" level=error msg="failed to save the block, for %s[failed to apply block txs ===> failed to apply reward and regular txs ===> failed to validate reward tx ===> to address is empty]"
time="2020-12-07T18:13:40+08:00" level=debug msg="starting mining the new block"
time="2020-12-07T18:13:40+08:00" level=debug msg="memory info collection, task applyTransactionsAndDebts entrance, alloc 0.0251GB, sys 0.0703GB"
time="2020-12-07T18:13:40+08:00" level=info msg="+++++++++mining block height:[1 600000000 1], reward:%!s(MISSING), transaction number:%!d(MISSING)"
time="2020-12-07T18:13:40+08:00" level=debug msg="memory info collection, task applyTransactionsAndDebts exit, alloc 0.0251GB, sys 0.0703GB, time elapse 0.00s"
time="2020-12-07T18:13:40+08:00" level=info msg="committing a new task to engine, height:[1 5200000], difficult:%!d(MISSING)"
time="2020-12-07T18:13:40+08:00" level=info msg="Miner started%!(EXTRA []interface {}=[])"
time="2020-12-07T18:13:40+08:00" level=debug msg=" 1 Threads, Buffer[130000] "
time="2020-12-07T18:13:41+08:00" level=info msg="Solution found, nonceA: [7772538874892334107 8664521976176384469 2843], nonceB: %!d(MISSING), Map Size %!d(MISSING) "
time="2020-12-07T18:13:41+08:00" level=info msg="solution time: [1] (s)"
time="2020-12-07T18:13:41+08:00" level=info msg="nonce finding succeeded%!(EXTRA []interface {}=[])"
time="2020-12-07T18:13:41+08:00" level=info msg="found a new mined block, block height:[1 %!d(string=0x63cd8a9418142c31fe6b4855e6c5ec8e4a94823e78cdbc3ce9da66fb88023dd4) 1607336021317499400], hash:%!s(MISSING), time: %!d(MISSING)"
time="2020-12-07T18:13:41+08:00" level=debug msg="memory info collection, miner saveBlock entrance, alloc 0.0322GB, sys 0.0703GB"
time="2020-12-07T18:13:41+08:00" level=debug msg="memory info collection, miner saveBlock exit, alloc 0.0322GB, sys 0.0703GB, time elapse 0.01s"
time="2020-12-07T18:13:41+08:00" level=error msg="failed to save the block, for %s[failed to apply block txs ===> failed to apply reward and regular txs ===> failed to validate reward tx ===> to address is empty]"
time="2020-12-07T18:13:41+08:00" level=debug msg="starting mining the new block"
time="2020-12-07T18:13:41+08:00" level=debug msg="memory info collection, task applyTransactionsAndDebts entrance, alloc 0.0322GB, sys 0.0703GB"
time="2020-12-07T18:13:41+08:00" level=info msg="+++++++++mining block height:[1 600000000 1], reward:%!s(MISSING), transaction number:%!d(MISSING)"
time="2020-12-07T18:13:41+08:00" level=debug msg="memory info collection, task applyTransactionsAndDebts exit, alloc 0.0322GB, sys 0.0703GB, time elapse 0.00s"
time="2020-12-07T18:13:41+08:00" level=info msg="committing a new task to engine, height:[1 5200000], difficult:%!d(MISSING)"
time="2020-12-07T18:13:41+08:00" level=info msg="Miner started%!(EXTRA []interface {}=[])"
time="2020-12-07T18:13:41+08:00" level=debug msg=" 1 Threads, Buffer[130000] "
time="2020-12-07T18:13:41+08:00" level=info msg="Solution found, nonceA: [9165837495407160046 6779600570345732431 9503], nonceB: %!d(MISSING), Map Size %!d(MISSING) "
time="2020-12-07T18:13:41+08:00" level=info msg="solution time: [0] (s)"
time="2020-12-07T18:13:41+08:00" level=info msg="nonce finding succeeded%!(EXTRA []interface {}=[])"
time="2020-12-07T18:13:41+08:00" level=info msg="found a new mined block, block height:[1 %!d(string=0x9ddf3fbf9453f44501ea090341b5e826dec10901c4021cfbff9e78a08eee0024) 1607336021773502200], hash:%!s(MISSING), time: %!d(MISSING)"
time="2020-12-07T18:13:41+08:00" level=debug msg="memory info collection, miner saveBlock entrance, alloc 0.0256GB, sys 0.0703GB"
time="2020-12-07T18:13:41+08:00" level=debug msg="memory info collection, miner saveBlock exit, alloc 0.0257GB, sys 0.0703GB, time elapse 0.01s"
time="2020-12-07T18:13:41+08:00" level=error msg="failed to save the block, for %s[failed to apply block txs ===> failed to apply reward and regular txs ===> failed to validate reward tx ===> to address is empty]"
time="2020-12-07T18:13:41+08:00" level=debug msg="starting mining the new block"
time="2020-12-07T18:13:41+08:00" level=debug msg="memory info collection, task applyTransactionsAndDebts entrance, alloc 0.0257GB, sys 0.0703GB"
time="2020-12-07T18:13:41+08:00" level=info msg="+++++++++mining block height:[1 600000000 1], reward:%!s(MISSING), transaction number:%!d(MISSING)"
time="2020-12-07T18:13:41+08:00" level=debug msg="memory info collection, task applyTransactionsAndDebts exit, alloc 0.0257GB, sys 0.0703GB, time elapse 0.00s"
time="2020-12-07T18:13:41+08:00" level=info msg="committing a new task to engine, height:[1 5200000], difficult:%!d(MISSING)"
time="2020-12-07T18:13:41+08:00" level=info msg="Miner started%!(EXTRA []interface {}=[])"
time="2020-12-07T18:13:41+08:00" level=debug msg=" 1 Threads, Buffer[130000] "
time="2020-12-07T18:13:42+08:00" level=info msg="Solution found, nonceA: [3791622016844902969 3411432689650650647 5006], nonceB: %!d(MISSING), Map Size %!d(MISSING) "
time="2020-12-07T18:13:42+08:00" level=info msg="solution time: [1] (s)"
time="2020-12-07T18:13:42+08:00" level=info msg="nonce finding succeeded%!(EXTRA []interface {}=[])"
time="2020-12-07T18:13:42+08:00" level=info msg="found a new mined block, block height:[1 %!d(string=0xf7148c00a821d80c010b5596670aa9bd3339f9e2f6aa5a28387de47ed4c97385) 1607336022263483400], hash:%!s(MISSING), time: %!d(MISSING)"
time="2020-12-07T18:13:42+08:00" level=debug msg="memory info collection, miner saveBlock entrance, alloc 0.0318GB, sys 0.0703GB"
time="2020-12-07T18:13:42+08:00" level=debug msg="memory info collection, miner saveBlock exit, alloc 0.0319GB, sys 0.0703GB, time elapse 0.01s"
time="2020-12-07T18:13:42+08:00" level=error msg="failed to save the block, for %s[failed to apply block txs ===> failed to apply reward and regular txs ===> failed to validate reward tx ===> to address is empty]"
time="2020-12-07T18:13:42+08:00" level=debug msg="starting mining the new block"
time="2020-12-07T18:13:42+08:00" level=debug msg="memory info collection, task applyTransactionsAndDebts entrance, alloc 0.0319GB, sys 0.0703GB"
time="2020-12-07T18:13:42+08:00" level=info msg="+++++++++mining block height:[1 600000000 1], reward:%!s(MISSING), transaction number:%!d(MISSING)"
time="2020-12-07T18:13:42+08:00" level=debug msg="memory info collection, task applyTransactionsAndDebts exit, alloc 0.0319GB, sys 0.0703GB, time elapse 0.01s"
time="2020-12-07T18:13:42+08:00" level=info msg="committing a new task to engine, height:[1 5200000], difficult:%!d(MISSING)"
time="2020-12-07T18:13:42+08:00" level=info msg="Miner started%!(EXTRA []interface {}=[])"
time="2020-12-07T18:13:42+08:00" level=debug msg=" 1 Threads, Buffer[130000] "
time="2020-12-07T19:09:50+08:00" level=info msg="NewWuyaService BlockChain datadir is [node1\\db\\blockchain]"
time="2020-12-07T19:09:50+08:00" level=info msg="NewSeeleService account state datadir is [node1\\db\\accountState]"
time="2020-12-07T19:09:50+08:00" level=info msg="Initating cached txs within recent [24000] blocks"
time="2020-12-07T19:09:50+08:00" level=warning msg="[CachedTxs] Cached 0 txs, 0 existed Txs found"
time="2020-12-07T19:09:50+08:00" level=debug msg="starting mining the new block"
time="2020-12-07T19:13:45+08:00" level=info msg="NewWuyaService BlockChain datadir is [node1\\db\\blockchain]"
time="2020-12-07T19:13:45+08:00" level=info msg="NewSeeleService account state datadir is [node1\\db\\accountState]"
time="2020-12-07T19:13:45+08:00" level=info msg="Initating cached txs within recent [24000] blocks"
time="2020-12-07T19:13:45+08:00" level=warning msg="[CachedTxs] Cached 0 txs, 0 existed Txs found"
time="2020-12-07T19:13:45+08:00" level=debug msg="starting mining the new block"
time="2020-12-07T19:14:25+08:00" level=info msg="NewWuyaService BlockChain datadir is [node1\\db\\blockchain]"
time="2020-12-07T19:14:25+08:00" level=info msg="NewSeeleService account state datadir is [node1\\db\\accountState]"
time="2020-12-07T19:14:25+08:00" level=info msg="Initating cached txs within recent [24000] blocks"
time="2020-12-07T19:14:25+08:00" level=warning msg="[CachedTxs] Cached 0 txs, 0 existed Txs found"
time="2020-12-07T19:14:25+08:00" level=debug msg="starting mining the new block"
time="2020-12-07T19:14:25+08:00" level=debug msg="memory info collection, task applyTransactionsAndDebts entrance, alloc 0.0084GB, sys 0.0167GB"
time="2020-12-07T19:14:25+08:00" level=info msg="+++++++++mining block height:[1 600000000 1], reward:%!s(MISSING), transaction number:%!d(MISSING)"
time="2020-12-07T19:14:25+08:00" level=debug msg="memory info collection, task applyTransactionsAndDebts exit, alloc 0.0084GB, sys 0.0167GB, time elapse 0.00s"
time="2020-12-07T19:14:25+08:00" level=info msg="committing a new task to engine, height:[1 5200000], difficult:%!d(MISSING)"
time="2020-12-07T19:14:25+08:00" level=info msg="Miner started%!(EXTRA []interface {}=[])"
time="2020-12-07T19:14:25+08:00" level=debug msg=" 1 Threads, Buffer[130000] "
time="2020-12-07T19:14:26+08:00" level=info msg="Solution found, nonceA: [8322889652277634224 6492203660104009722 10872], nonceB: %!d(MISSING), Map Size %!d(MISSING) "
time="2020-12-07T19:14:26+08:00" level=info msg="solution time: [1] (s)"
time="2020-12-07T19:14:26+08:00" level=info msg="nonce finding succeeded%!(EXTRA []interface {}=[])"
time="2020-12-07T19:14:26+08:00" level=info msg="found a new mined block, block height:[1 %!d(string=0xd89983ff145aa53b4da904818fa4f1bba681f607bd815ed7c622788e3576193b) 1607339666145520100], hash:%!s(MISSING), time: %!d(MISSING)"
time="2020-12-07T19:14:26+08:00" level=debug msg="memory info collection, miner saveBlock entrance, alloc 0.0326GB, sys 0.0459GB"
time="2020-12-07T19:14:26+08:00" level=debug msg="memory info collection, miner saveBlock exit, alloc 0.0326GB, sys 0.0459GB, time elapse 0.01s"
time="2020-12-07T19:14:26+08:00" level=error msg="failed to save the block, for %s[failed to apply block txs ===> failed to apply reward and regular txs ===> failed to validate reward tx ===> to address is empty]"
time="2020-12-07T19:14:26+08:00" level=debug msg="starting mining the new block"
time="2020-12-07T19:14:26+08:00" level=debug msg="memory info collection, task applyTransactionsAndDebts entrance, alloc 0.0326GB, sys 0.0459GB"
time="2020-12-07T19:14:26+08:00" level=info msg="+++++++++mining block height:[1 600000000 1], reward:%!s(MISSING), transaction number:%!d(MISSING)"
time="2020-12-07T19:14:26+08:00" level=debug msg="memory info collection, task applyTransactionsAndDebts exit, alloc 0.0327GB, sys 0.0459GB, time elapse 0.00s"
time="2020-12-07T19:14:26+08:00" level=info msg="committing a new task to engine, height:[1 5200000], difficult:%!d(MISSING)"
time="2020-12-07T19:14:26+08:00" level=info msg="Miner started%!(EXTRA []interface {}=[])"
time="2020-12-07T19:14:26+08:00" level=debug msg=" 1 Threads, Buffer[130000] "
time="2020-12-07T19:14:26+08:00" level=info msg="Solution found, nonceA: [7317111904764943154 815473785956638804 15488], nonceB: %!d(MISSING), Map Size %!d(MISSING) "
time="2020-12-07T19:14:26+08:00" level=info msg="solution time: [0] (s)"
time="2020-12-07T19:14:26+08:00" level=info msg="nonce finding succeeded%!(EXTRA []interface {}=[])"
time="2020-12-07T19:14:26+08:00" level=info msg="found a new mined block, block height:[1 %!d(string=0x2164a4d25a555cf16b2b1d256a33c8522432597e59d2b0bfa596f31cc2f921d1) 1607339666652517800], hash:%!s(MISSING), time: %!d(MISSING)"
time="2020-12-07T19:14:26+08:00" level=debug msg="memory info collection, miner saveBlock entrance, alloc 0.0258GB, sys 0.0540GB"
time="2020-12-07T19:14:26+08:00" level=debug msg="memory info collection, miner saveBlock exit, alloc 0.0258GB, sys 0.0540GB, time elapse 0.01s"
time="2020-12-07T19:14:26+08:00" level=error msg="failed to save the block, for %s[failed to apply block txs ===> failed to apply reward and regular txs ===> failed to validate reward tx ===> to address is empty]"
time="2020-12-07T19:14:26+08:00" level=debug msg="starting mining the new block"
time="2020-12-07T19:14:26+08:00" level=debug msg="memory info collection, task applyTransactionsAndDebts entrance, alloc 0.0258GB, sys 0.0540GB"
time="2020-12-07T19:14:26+08:00" level=info msg="+++++++++mining block height:[1 600000000 1], reward:%!s(MISSING), transaction number:%!d(MISSING)"
time="2020-12-07T19:14:26+08:00" level=debug msg="memory info collection, task applyTransactionsAndDebts exit, alloc 0.0258GB, sys 0.0540GB, time elapse 0.00s"
time="2020-12-07T19:14:26+08:00" level=info msg="committing a new task to engine, height:[1 5200000], difficult:%!d(MISSING)"
time="2020-12-07T19:14:26+08:00" level=info msg="Miner started%!(EXTRA []interface {}=[])"
time="2020-12-07T19:14:26+08:00" level=debug msg=" 1 Threads, Buffer[130000] "
time="2020-12-07T19:17:19+08:00" level=info msg="NewWuyaService BlockChain datadir is [node1\\db\\blockchain]"
time="2020-12-07T19:17:19+08:00" level=info msg="NewSeeleService account state datadir is [node1\\db\\accountState]"
time="2020-12-07T19:17:19+08:00" level=info msg="Initating cached txs within recent [24000] blocks"
time="2020-12-07T19:17:19+08:00" level=warning msg="[CachedTxs] Cached 0 txs, 0 existed Txs found"
time="2020-12-07T19:17:19+08:00" level=debug msg="starting mining the new block"
time="2020-12-07T19:17:19+08:00" level=debug msg="memory info collection, task applyTransactionsAndDebts entrance, alloc 0.0084GB, sys 0.0167GB"
time="2020-12-07T19:17:19+08:00" level=info msg="+++++++++mining block height:[1 600000000 1], reward:%!s(MISSING), transaction number:%!d(MISSING)"
time="2020-12-07T19:17:19+08:00" level=debug msg="memory info collection, task applyTransactionsAndDebts exit, alloc 0.0084GB, sys 0.0167GB, time elapse 0.00s"
time="2020-12-07T19:17:19+08:00" level=info msg="committing a new task to engine, height:[1 5200000], difficult:%!d(MISSING)"
time="2020-12-07T19:17:19+08:00" level=info msg="Miner started%!(EXTRA []interface {}=[])"
time="2020-12-07T19:17:19+08:00" level=debug msg=" 1 Threads, Buffer[130000] "
time="2020-12-07T19:17:19+08:00" level=info msg="Solution found, nonceA: [1691754273498962475 4044900480542035105 5539], nonceB: %!d(MISSING), Map Size %!d(MISSING) "
time="2020-12-07T19:17:19+08:00" level=info msg="solution time: [0] (s)"
time="2020-12-07T19:17:19+08:00" level=info msg="nonce finding succeeded%!(EXTRA []interface {}=[])"
time="2020-12-07T19:17:19+08:00" level=info msg="found a new mined block, block height:[1 %!d(string=0x196eeeb681c8de74a5e09179a32a08fb49d5292ebca1809a270dd05c8fb474e1) 1607339839955873500], hash:%!s(MISSING), time: %!d(MISSING)"
time="2020-12-07T19:17:19+08:00" level=debug msg="memory info collection, miner saveBlock entrance, alloc 0.0324GB, sys 0.0464GB"
time="2020-12-07T19:17:19+08:00" level=debug msg="memory info collection, miner saveBlock exit, alloc 0.0324GB, sys 0.0464GB, time elapse 0.01s"
time="2020-12-07T19:17:19+08:00" level=error msg="failed to save the block, for %s[failed to apply block txs ===> failed to apply reward and regular txs ===> failed to validate reward tx ===> to address is empty]"
time="2020-12-07T19:17:19+08:00" level=debug msg="starting mining the new block"
time="2020-12-07T19:17:19+08:00" level=debug msg="memory info collection, task applyTransactionsAndDebts entrance, alloc 0.0324GB, sys 0.0464GB"
time="2020-12-07T19:17:19+08:00" level=info msg="+++++++++mining block height:[1 600000000 1], reward:%!s(MISSING), transaction number:%!d(MISSING)"
time="2020-12-07T19:17:19+08:00" level=debug msg="memory info collection, task applyTransactionsAndDebts exit, alloc 0.0324GB, sys 0.0464GB, time elapse 0.00s"
time="2020-12-07T19:17:19+08:00" level=info msg="committing a new task to engine, height:[1 5200000], difficult:%!d(MISSING)"
time="2020-12-07T19:17:19+08:00" level=info msg="Miner started%!(EXTRA []interface {}=[])"
time="2020-12-07T19:17:19+08:00" level=debug msg=" 1 Threads, Buffer[130000] "
time="2020-12-07T19:17:20+08:00" level=info msg="Solution found, nonceA: [3016377016665045086 3289629381486777734 8385], nonceB: %!d(MISSING), Map Size %!d(MISSING) "
time="2020-12-07T19:17:20+08:00" level=info msg="solution time: [1] (s)"
time="2020-12-07T19:17:20+08:00" level=info msg="nonce finding succeeded%!(EXTRA []interface {}=[])"
time="2020-12-07T19:17:20+08:00" level=info msg="found a new mined block, block height:[1 %!d(string=0x9f2804b7e117cd6ec0429fc62abd11622da2f56434949a8c6cc6191e5edac8a9) 1607339840436891300], hash:%!s(MISSING), time: %!d(MISSING)"
time="2020-12-07T19:17:20+08:00" level=debug msg="memory info collection, miner saveBlock entrance, alloc 0.0251GB, sys 0.0544GB"
time="2020-12-07T19:17:20+08:00" level=debug msg="memory info collection, miner saveBlock exit, alloc 0.0252GB, sys 0.0544GB, time elapse 0.01s"
time="2020-12-07T19:17:20+08:00" level=error msg="failed to save the block, for %s[failed to apply block txs ===> failed to apply reward and regular txs ===> failed to validate reward tx ===> to address is empty]"
time="2020-12-07T19:17:20+08:00" level=debug msg="starting mining the new block"
time="2020-12-07T19:17:20+08:00" level=debug msg="memory info collection, task applyTransactionsAndDebts entrance, alloc 0.0252GB, sys 0.0544GB"
time="2020-12-07T19:17:20+08:00" level=info msg="+++++++++mining block height:[1 600000000 1], reward:%!s(MISSING), transaction number:%!d(MISSING)"
time="2020-12-07T19:17:20+08:00" level=debug msg="memory info collection, task applyTransactionsAndDebts exit, alloc 0.0252GB, sys 0.0544GB, time elapse 0.00s"
time="2020-12-07T19:17:20+08:00" level=info msg="committing a new task to engine, height:[1 5200000], difficult:%!d(MISSING)"
time="2020-12-07T19:17:20+08:00" level=info msg="Miner started%!(EXTRA []interface {}=[])"
time="2020-12-07T19:17:20+08:00" level=debug msg=" 1 Threads, Buffer[130000] "
time="2020-12-07T19:17:20+08:00" level=info msg="Solution found, nonceA: [6824352164974397290 2650003416179508066 735], nonceB: %!d(MISSING), Map Size %!d(MISSING) "
time="2020-12-07T19:17:20+08:00" level=info msg="solution time: [0] (s)"
time="2020-12-07T19:17:20+08:00" level=info msg="nonce finding succeeded%!(EXTRA []interface {}=[])"
time="2020-12-07T19:17:20+08:00" level=info msg="found a new mined block, block height:[1 %!d(string=0xde7aa39a7612d56765f5b6af0c46c7012bf15642efaaedc4891fe3c4c326fb42) 1607339840897908100], hash:%!s(MISSING), time: %!d(MISSING)"
time="2020-12-07T19:17:20+08:00" level=debug msg="memory info collection, miner saveBlock entrance, alloc 0.0320GB, sys 0.0625GB"
time="2020-12-07T19:17:20+08:00" level=debug msg="memory info collection, miner saveBlock exit, alloc 0.0320GB, sys 0.0625GB, time elapse 0.01s"
time="2020-12-07T19:17:20+08:00" level=error msg="failed to save the block, for %s[failed to apply block txs ===> failed to apply reward and regular txs ===> failed to validate reward tx ===> to address is empty]"
time="2020-12-07T19:17:20+08:00" level=debug msg="starting mining the new block"
time="2020-12-07T19:17:20+08:00" level=debug msg="memory info collection, task applyTransactionsAndDebts entrance, alloc 0.0320GB, sys 0.0625GB"
time="2020-12-07T19:17:20+08:00" level=info msg="+++++++++mining block height:[1 600000000 1], reward:%!s(MISSING), transaction number:%!d(MISSING)"
time="2020-12-07T19:17:20+08:00" level=debug msg="memory info collection, task applyTransactionsAndDebts exit, alloc 0.0320GB, sys 0.0625GB, time elapse 0.00s"
time="2020-12-07T19:17:20+08:00" level=info msg="committing a new task to engine, height:[1 5200000], difficult:%!d(MISSING)"
time="2020-12-07T19:17:20+08:00" level=info msg="Miner started%!(EXTRA []interface {}=[])"
time="2020-12-07T19:17:20+08:00" level=debug msg=" 1 Threads, Buffer[130000] "
time="2020-12-07T19:23:47+08:00" level=info msg="NewWuyaService BlockChain datadir is [node1\\db\\blockchain]"
time="2020-12-07T19:23:47+08:00" level=info msg="NewSeeleService account state datadir is [node1\\db\\accountState]"
time="2020-12-07T19:23:47+08:00" level=info msg="Initating cached txs within recent [24000] blocks"
time="2020-12-07T19:23:47+08:00" level=warning msg="[CachedTxs] Cached 0 txs, 0 existed Txs found"
time="2020-12-07T19:23:47+08:00" level=debug msg="starting mining the new block"
time="2020-12-07T19:23:47+08:00" level=debug msg="memory info collection, task applyTransactionsAndDebts entrance, alloc 0.0084GB, sys 0.0165GB"
time="2020-12-07T19:23:47+08:00" level=info msg="+++++++++mining block height:[1 600000000 1], reward:%!s(MISSING), transaction number:%!d(MISSING)"
time="2020-12-07T19:23:47+08:00" level=debug msg="memory info collection, task applyTransactionsAndDebts exit, alloc 0.0084GB, sys 0.0165GB, time elapse 0.00s"
time="2020-12-07T19:23:47+08:00" level=info msg="committing a new task to engine, height:[1 5200000], difficult:%!d(MISSING)"
time="2020-12-07T19:23:47+08:00" level=info msg="Miner started%!(EXTRA []interface {}=[])"
time="2020-12-07T19:23:47+08:00" level=debug msg=" 1 Threads, Buffer[130000] "
time="2020-12-07T19:23:48+08:00" level=info msg="Solution found, nonceA: [6689238561216704255 1635302816912658655 14219], nonceB: %!d(MISSING), Map Size %!d(MISSING) "
time="2020-12-07T19:23:48+08:00" level=info msg="solution time: [1] (s)"
time="2020-12-07T19:23:48+08:00" level=info msg="nonce finding succeeded%!(EXTRA []interface {}=[])"
time="2020-12-07T19:23:48+08:00" level=info msg="found a new mined block, block height:[1 %!d(string=0xa70eeb722b9b71e36f1fb4d94b24c034f3836b2d0661fcf18c27fa200b98bbae) 1607340228348394800], hash:%!s(MISSING), time: %!d(MISSING)"
time="2020-12-07T19:23:48+08:00" level=debug msg="memory info collection, miner saveBlock entrance, alloc 0.0334GB, sys 0.0499GB"
time="2020-12-07T19:23:48+08:00" level=debug msg="memory info collection, miner saveBlock exit, alloc 0.0334GB, sys 0.0499GB, time elapse 0.01s"
time="2020-12-07T19:23:48+08:00" level=error msg="failed to save the block, for %s[failed to apply block txs ===> failed to apply reward and regular txs ===> failed to validate reward tx ===> to address is empty]"
time="2020-12-07T19:23:48+08:00" level=debug msg="starting mining the new block"
time="2020-12-07T19:23:48+08:00" level=debug msg="memory info collection, task applyTransactionsAndDebts entrance, alloc 0.0334GB, sys 0.0499GB"
time="2020-12-07T19:23:48+08:00" level=info msg="+++++++++mining block height:[1 600000000 1], reward:%!s(MISSING), transaction number:%!d(MISSING)"
time="2020-12-07T19:23:48+08:00" level=debug msg="memory info collection, task applyTransactionsAndDebts exit, alloc 0.0334GB, sys 0.0499GB, time elapse 0.00s"
time="2020-12-07T19:23:48+08:00" level=info msg="committing a new task to engine, height:[1 5200000], difficult:%!d(MISSING)"
time="2020-12-07T19:23:48+08:00" level=info msg="Miner started%!(EXTRA []interface {}=[])"
time="2020-12-07T19:23:48+08:00" level=debug msg=" 1 Threads, Buffer[130000] "
time="2020-12-07T19:23:48+08:00" level=info msg="Solution found, nonceA: [4632627533354662038 924532542422751711 11194], nonceB: %!d(MISSING), Map Size %!d(MISSING) "
time="2020-12-07T19:23:48+08:00" level=info msg="solution time: [0] (s)"
time="2020-12-07T19:23:48+08:00" level=info msg="nonce finding succeeded%!(EXTRA []interface {}=[])"
time="2020-12-07T19:23:48+08:00" level=info msg="found a new mined block, block height:[1 %!d(string=0xbaa323d7370878a55c9b003a3aee794d125a05ed50dcd34befc17753e08089a3) 1607340228839396700], hash:%!s(MISSING), time: %!d(MISSING)"
time="2020-12-07T19:23:48+08:00" level=debug msg="memory info collection, miner saveBlock entrance, alloc 0.0250GB, sys 0.0580GB"
time="2020-12-07T19:23:48+08:00" level=debug msg="memory info collection, miner saveBlock exit, alloc 0.0250GB, sys 0.0580GB, time elapse 0.01s"
time="2020-12-07T19:23:48+08:00" level=error msg="failed to save the block, for %s[failed to apply block txs ===> failed to apply reward and regular txs ===> failed to validate reward tx ===> to address is empty]"
time="2020-12-07T19:23:48+08:00" level=debug msg="starting mining the new block"
time="2020-12-07T19:23:48+08:00" level=debug msg="memory info collection, task applyTransactionsAndDebts entrance, alloc 0.0250GB, sys 0.0580GB"
time="2020-12-07T19:23:48+08:00" level=info msg="+++++++++mining block height:[1 600000000 1], reward:%!s(MISSING), transaction number:%!d(MISSING)"
time="2020-12-07T19:23:48+08:00" level=debug msg="memory info collection, task applyTransactionsAndDebts exit, alloc 0.0250GB, sys 0.0580GB, time elapse 0.00s"
time="2020-12-07T19:23:48+08:00" level=info msg="committing a new task to engine, height:[1 5200000], difficult:%!d(MISSING)"
time="2020-12-07T19:23:48+08:00" level=info msg="Miner started%!(EXTRA []interface {}=[])"
time="2020-12-07T19:23:48+08:00" level=debug msg=" 1 Threads, Buffer[130000] "
time="2020-12-07T19:23:49+08:00" level=info msg="Solution found, nonceA: [3513968653437725623 1803726285039665977 2622], nonceB: %!d(MISSING), Map Size %!d(MISSING) "
time="2020-12-07T19:23:49+08:00" level=info msg="solution time: [1] (s)"
time="2020-12-07T19:23:49+08:00" level=info msg="nonce finding succeeded%!(EXTRA []interface {}=[])"
time="2020-12-07T19:23:49+08:00" level=info msg="found a new mined block, block height:[1 %!d(string=0xfc9c8915b8ed5a1da6ad11cf5301c649859f8ac18af4e2503432f566c6c8200c) 1607340229344410800], hash:%!s(MISSING), time: %!d(MISSING)"
time="2020-12-07T19:23:49+08:00" level=debug msg="memory info collection, miner saveBlock entrance, alloc 0.0318GB, sys 0.0661GB"
time="2020-12-07T19:23:49+08:00" level=debug msg="memory info collection, miner saveBlock exit, alloc 0.0318GB, sys 0.0661GB, time elapse 0.01s"
time="2020-12-07T19:23:49+08:00" level=error msg="failed to save the block, for %s[failed to apply block txs ===> failed to apply reward and regular txs ===> failed to validate reward tx ===> to address is empty]"
time="2020-12-07T19:23:49+08:00" level=debug msg="starting mining the new block"
time="2020-12-07T19:23:49+08:00" level=debug msg="memory info collection, task applyTransactionsAndDebts entrance, alloc 0.0318GB, sys 0.0661GB"
time="2020-12-07T19:23:49+08:00" level=info msg="+++++++++mining block height:[1 600000000 1], reward:%!s(MISSING), transaction number:%!d(MISSING)"
time="2020-12-07T19:23:49+08:00" level=debug msg="memory info collection, task applyTransactionsAndDebts exit, alloc 0.0318GB, sys 0.0661GB, time elapse 0.00s"
time="2020-12-07T19:23:49+08:00" level=info msg="committing a new task to engine, height:[1 5200000], difficult:%!d(MISSING)"
time="2020-12-07T19:23:49+08:00" level=info msg="Miner started%!(EXTRA []interface {}=[])"
time="2020-12-07T19:23:49+08:00" level=debug msg=" 1 Threads, Buffer[130000] "
time="2020-12-07T19:23:49+08:00" level=info msg="Solution found, nonceA: [8159933465547517845 382674412323640165 11362], nonceB: %!d(MISSING), Map Size %!d(MISSING) "
time="2020-12-07T19:23:49+08:00" level=info msg="solution time: [0] (s)"
time="2020-12-07T19:23:49+08:00" level=info msg="nonce finding succeeded%!(EXTRA []interface {}=[])"
time="2020-12-07T19:23:49+08:00" level=info msg="found a new mined block, block height:[1 %!d(string=0x7262dae1789dfc7ea698151540f912c54c849050b93a17e9e51a29a6c42e5e1a) 1607340229832412600], hash:%!s(MISSING), time: %!d(MISSING)"
time="2020-12-07T19:23:49+08:00" level=debug msg="memory info collection, miner saveBlock entrance, alloc 0.0252GB, sys 0.0661GB"
time="2020-12-07T19:23:49+08:00" level=debug msg="memory info collection, miner saveBlock exit, alloc 0.0252GB, sys 0.0661GB, time elapse 0.01s"
time="2020-12-07T19:23:49+08:00" level=error msg="failed to save the block, for %s[failed to apply block txs ===> failed to apply reward and regular txs ===> failed to validate reward tx ===> to address is empty]"
time="2020-12-07T19:23:49+08:00" level=debug msg="starting mining the new block"
time="2020-12-07T19:23:49+08:00" level=debug msg="memory info collection, task applyTransactionsAndDebts entrance, alloc 0.0252GB, sys 0.0661GB"
time="2020-12-07T19:23:49+08:00" level=info msg="+++++++++mining block height:[1 600000000 1], reward:%!s(MISSING), transaction number:%!d(MISSING)"
time="2020-12-07T19:23:49+08:00" level=debug msg="memory info collection, task applyTransactionsAndDebts exit, alloc 0.0252GB, sys 0.0661GB, time elapse 0.00s"
time="2020-12-07T19:23:49+08:00" level=info msg="committing a new task to engine, height:[1 5200000], difficult:%!d(MISSING)"
time="2020-12-07T19:23:49+08:00" level=info msg="Miner started%!(EXTRA []interface {}=[])"
time="2020-12-07T19:23:49+08:00" level=debug msg=" 1 Threads, Buffer[130000] "
